<?xml version="1.0" encoding="UTF-8"?>
<testng-results skipped="0" failed="0" ignored="0" total="1" passed="1">
  <reporter-output>
  </reporter-output>
  <suite name="Default suite" duration-ms="36341" started-at="2017-09-18T03:25:50Z" finished-at="2017-09-18T03:26:26Z">
    <groups>
    </groups>
    <test name="Default test" duration-ms="36341" started-at="2017-09-18T03:25:50Z" finished-at="2017-09-18T03:26:26Z">
      <class name="com.murali.selenium.WindowHandlingCode">
        <test-method status="PASS" signature="TestPopUp()[pri:0, instance:com.murali.selenium.WindowHandlingCode@224edc67]" name="TestPopUp" duration-ms="36201" started-at="2017-09-18T08:55:50Z" finished-at="2017-09-18T08:56:26Z">
          <reporter-output>
          </reporter-output>
        </test-method> <!-- TestPopUp -->
      </class> <!-- com.murali.selenium.WindowHandlingCode -->
    </test> <!-- Default test -->
  </suite> <!-- Default suite -->
</testng-results>
